<?xml version="1.0" encoding="UTF-8"?>
<testsuite name="com.fhx.springboot.single.rabbitmq.helloworld.ReceiverTest" tests="2" skipped="0" failures="0" errors="0" timestamp="2018-06-04T14:24:03" hostname="192.168.0.118" time="0.133">
  <properties/>
  <testcase name="receive_msg" classname="com.fhx.springboot.single.rabbitmq.helloworld.ReceiverTest" time="0.128"/>
  <testcase name="provider_direct_msg" classname="com.fhx.springboot.single.rabbitmq.helloworld.ReceiverTest" time="0.004"/>
  <system-out><![CDATA[22:23:58.408 [Test worker] DEBUG org.springframework.test.context.junit4.SpringJUnit4ClassRunner - SpringJUnit4ClassRunner constructor called with [class com.fhx.springboot.single.rabbitmq.helloworld.ReceiverTest]
22:23:58.415 [Test worker] DEBUG org.springframework.test.context.BootstrapUtils - Instantiating CacheAwareContextLoaderDelegate from class [org.springframework.test.context.cache.DefaultCacheAwareContextLoaderDelegate]
22:23:58.422 [Test worker] DEBUG org.springframework.test.context.BootstrapUtils - Instantiating BootstrapContext using constructor [public org.springframework.test.context.support.DefaultBootstrapContext(java.lang.Class,org.springframework.test.context.CacheAwareContextLoaderDelegate)]
22:23:58.438 [Test worker] DEBUG org.springframework.test.context.BootstrapUtils - Instantiating TestContextBootstrapper for test class [com.fhx.springboot.single.rabbitmq.helloworld.ReceiverTest] from class [org.springframework.boot.test.context.SpringBootTestContextBootstrapper]
22:23:58.449 [Test worker] INFO org.springframework.boot.test.context.SpringBootTestContextBootstrapper - Neither @ContextConfiguration nor @ContextHierarchy found for test class [com.fhx.springboot.single.rabbitmq.helloworld.ReceiverTest], using SpringBootContextLoader
22:23:58.452 [Test worker] DEBUG org.springframework.test.context.support.AbstractContextLoader - Did not detect default resource location for test class [com.fhx.springboot.single.rabbitmq.helloworld.ReceiverTest]: class path resource [com/fhx/springboot/single/rabbitmq/helloworld/ReceiverTest-context.xml] does not exist
22:23:58.453 [Test worker] DEBUG org.springframework.test.context.support.AbstractContextLoader - Did not detect default resource location for test class [com.fhx.springboot.single.rabbitmq.helloworld.ReceiverTest]: class path resource [com/fhx/springboot/single/rabbitmq/helloworld/ReceiverTestContext.groovy] does not exist
22:23:58.453 [Test worker] INFO org.springframework.test.context.support.AbstractContextLoader - Could not detect default resource locations for test class [com.fhx.springboot.single.rabbitmq.helloworld.ReceiverTest]: no resource found for suffixes {-context.xml, Context.groovy}.
22:23:58.489 [Test worker] DEBUG org.springframework.test.context.support.ActiveProfilesUtils - Could not find an 'annotation declaring class' for annotation type [org.springframework.test.context.ActiveProfiles] and class [com.fhx.springboot.single.rabbitmq.helloworld.ReceiverTest]
22:23:58.631 [Test worker] DEBUG org.springframework.boot.test.context.SpringBootTestContextBootstrapper - @TestExecutionListeners is not present for class [com.fhx.springboot.single.rabbitmq.helloworld.ReceiverTest]: using defaults.
22:23:58.632 [Test worker] INFO org.springframework.boot.test.context.SpringBootTestContextBootstrapper - Loaded default TestExecutionListener class names from location [META-INF/spring.factories]: [org.springframework.boot.test.autoconfigure.restdocs.RestDocsTestExecutionListener, org.springframework.boot.test.autoconfigure.web.client.MockRestServiceServerResetTestExecutionListener, org.springframework.boot.test.autoconfigure.web.servlet.MockMvcPrintOnlyOnFailureTestExecutionListener, org.springframework.boot.test.autoconfigure.web.servlet.WebDriverTestExecutionListener, org.springframework.boot.test.mock.mockito.MockitoTestExecutionListener, org.springframework.boot.test.mock.mockito.ResetMocksTestExecutionListener, org.springframework.test.context.web.ServletTestExecutionListener, org.springframework.test.context.support.DirtiesContextBeforeModesTestExecutionListener, org.springframework.test.context.support.DependencyInjectionTestExecutionListener, org.springframework.test.context.support.DirtiesContextTestExecutionListener, org.springframework.test.context.transaction.TransactionalTestExecutionListener, org.springframework.test.context.jdbc.SqlScriptsTestExecutionListener]
22:23:58.649 [Test worker] INFO org.springframework.boot.test.context.SpringBootTestContextBootstrapper - Using TestExecutionListeners: [org.springframework.test.context.web.ServletTestExecutionListener@5e7100e4, org.springframework.test.context.support.DirtiesContextBeforeModesTestExecutionListener@2a2bd38f, org.springframework.boot.test.mock.mockito.MockitoTestExecutionListener@b935d12, org.springframework.boot.test.autoconfigure.SpringBootDependencyInjectionTestExecutionListener@4098620d, org.springframework.test.context.support.DirtiesContextTestExecutionListener@16b83cda, org.springframework.test.context.transaction.TransactionalTestExecutionListener@62fb2229, org.springframework.test.context.jdbc.SqlScriptsTestExecutionListener@731188a9, org.springframework.boot.test.autoconfigure.restdocs.RestDocsTestExecutionListener@701a04cc, org.springframework.boot.test.autoconfigure.web.client.MockRestServiceServerResetTestExecutionListener@2793a8f9, org.springframework.boot.test.autoconfigure.web.servlet.MockMvcPrintOnlyOnFailureTestExecutionListener@1c422c48, org.springframework.boot.test.autoconfigure.web.servlet.WebDriverTestExecutionListener@63e9bba9, org.springframework.boot.test.mock.mockito.ResetMocksTestExecutionListener@43f5ff7c]
22:23:58.651 [Test worker] DEBUG org.springframework.test.annotation.ProfileValueUtils - Retrieved @ProfileValueSourceConfiguration [null] for test class [com.fhx.springboot.single.rabbitmq.helloworld.ReceiverTest]
22:23:58.652 [Test worker] DEBUG org.springframework.test.annotation.ProfileValueUtils - Retrieved ProfileValueSource type [class org.springframework.test.annotation.SystemProfileValueSource] for class [com.fhx.springboot.single.rabbitmq.helloworld.ReceiverTest]
22:23:58.653 [Test worker] DEBUG org.springframework.test.annotation.ProfileValueUtils - Retrieved @ProfileValueSourceConfiguration [null] for test class [com.fhx.springboot.single.rabbitmq.helloworld.ReceiverTest]
22:23:58.653 [Test worker] DEBUG org.springframework.test.annotation.ProfileValueUtils - Retrieved ProfileValueSource type [class org.springframework.test.annotation.SystemProfileValueSource] for class [com.fhx.springboot.single.rabbitmq.helloworld.ReceiverTest]
22:23:58.658 [Test worker] DEBUG org.springframework.test.context.support.AbstractDirtiesContextTestExecutionListener - Before test class: context [DefaultTestContext@92f277f testClass = ReceiverTest, testInstance = [null], testMethod = [null], testException = [null], mergedContextConfiguration = [WebMergedContextConfiguration@2d17aff8 testClass = ReceiverTest, locations = '{}', classes = '{class com.fhx.springboot.single.SingleApplication, class com.fhx.springboot.single.SingleApplication}', contextInitializerClasses = '[]', activeProfiles = '{}', propertySourceLocations = '{}', propertySourceProperties = '{org.springframework.boot.test.context.SpringBootTestContextBootstrapper=true}', contextCustomizers = set[org.springframework.boot.test.autoconfigure.properties.PropertyMappingContextCustomizer@0, org.springframework.boot.test.autoconfigure.web.servlet.WebDriverContextCustomizerFactory$Customizer@2d9c8c2c, org.springframework.boot.test.context.filter.ExcludeFilterContextCustomizer@265c9753, org.springframework.boot.test.json.DuplicateJsonObjectContextCustomizerFactory$DuplicateJsonObjectContextCustomizer@b02f23b, org.springframework.boot.test.mock.mockito.MockitoContextCustomizer@0, org.springframework.boot.test.web.client.TestRestTemplateContextCustomizer@6080fcc7], resourceBasePath = 'src/main/webapp', contextLoader = 'org.springframework.boot.test.context.SpringBootContextLoader', parent = [null]], attributes = map['org.springframework.test.context.web.ServletTestExecutionListener.activateListener' -> false]], class annotated with @DirtiesContext [false] with mode [null].
22:23:58.658 [Test worker] DEBUG org.springframework.test.annotation.ProfileValueUtils - Retrieved @ProfileValueSourceConfiguration [null] for test class [com.fhx.springboot.single.rabbitmq.helloworld.ReceiverTest]
22:23:58.658 [Test worker] DEBUG org.springframework.test.annotation.ProfileValueUtils - Retrieved ProfileValueSource type [class org.springframework.test.annotation.SystemProfileValueSource] for class [com.fhx.springboot.single.rabbitmq.helloworld.ReceiverTest]
22:23:58.662 [Test worker] DEBUG org.springframework.test.context.support.DependencyInjectionTestExecutionListener - Performing dependency injection for test context [[DefaultTestContext@92f277f testClass = ReceiverTest, testInstance = com.fhx.springboot.single.rabbitmq.helloworld.ReceiverTest@54f0f646, testMethod = [null], testException = [null], mergedContextConfiguration = [WebMergedContextConfiguration@2d17aff8 testClass = ReceiverTest, locations = '{}', classes = '{class com.fhx.springboot.single.SingleApplication, class com.fhx.springboot.single.SingleApplication}', contextInitializerClasses = '[]', activeProfiles = '{}', propertySourceLocations = '{}', propertySourceProperties = '{org.springframework.boot.test.context.SpringBootTestContextBootstrapper=true}', contextCustomizers = set[org.springframework.boot.test.autoconfigure.properties.PropertyMappingContextCustomizer@0, org.springframework.boot.test.autoconfigure.web.servlet.WebDriverContextCustomizerFactory$Customizer@2d9c8c2c, org.springframework.boot.test.context.filter.ExcludeFilterContextCustomizer@265c9753, org.springframework.boot.test.json.DuplicateJsonObjectContextCustomizerFactory$DuplicateJsonObjectContextCustomizer@b02f23b, org.springframework.boot.test.mock.mockito.MockitoContextCustomizer@0, org.springframework.boot.test.web.client.TestRestTemplateContextCustomizer@6080fcc7], resourceBasePath = 'src/main/webapp', contextLoader = 'org.springframework.boot.test.context.SpringBootContextLoader', parent = [null]], attributes = map['org.springframework.test.context.web.ServletTestExecutionListener.activateListener' -> false]]].
22:23:58.684 [Test worker] DEBUG org.springframework.core.env.StandardEnvironment - Adding PropertySource 'systemProperties' with lowest search precedence
22:23:58.684 [Test worker] DEBUG org.springframework.core.env.StandardEnvironment - Adding PropertySource 'systemEnvironment' with lowest search precedence
22:23:58.693 [Test worker] DEBUG org.springframework.core.env.StandardEnvironment - Initialized StandardEnvironment with PropertySources [MapPropertySource@945720350 {name='systemProperties', properties={java.runtime.name=Java(TM) SE Runtime Environment, sun.boot.library.path=/Library/Java/JavaVirtualMachines/jdk1.8.0_172.jdk/Contents/Home/jre/lib, java.vm.version=25.172-b11, gopherProxySet=false, java.vm.vendor=Oracle Corporation, java.vendor.url=http://java.oracle.com/, path.separator=:, java.vm.name=Java HotSpot(TM) 64-Bit Server VM, file.encoding.pkg=sun.io, sun.java.launcher=SUN_STANDARD, user.country=US, sun.os.patch.level=unknown, java.vm.specification.name=Java Virtual Machine Specification, user.dir=/Users/Hongxiang/IdeaProjects/springboot.single, java.runtime.version=1.8.0_172-b11, java.awt.graphicsenv=sun.awt.CGraphicsEnvironment, java.endorsed.dirs=/Library/Java/JavaVirtualMachines/jdk1.8.0_172.jdk/Contents/Home/jre/lib/endorsed, os.arch=x86_64, java.io.tmpdir=/var/folders/bm/9bkm3sy52xg7jvdy7hk3nmrr0000gn/T/, line.separator=
, java.vm.specification.vendor=Oracle Corporation, user.variant=, os.name=Mac OS X, sun.jnu.encoding=UTF-8, java.library.path=/Users/Hongxiang/Library/Java/Extensions:/Library/Java/Extensions:/Network/Library/Java/Extensions:/System/Library/Java/Extensions:/usr/lib/java:., java.specification.name=Java Platform API Specification, java.class.version=52.0, org.gradle.native=false, sun.management.compiler=HotSpot 64-Bit Tiered Compilers, os.version=10.13.4, http.nonProxyHosts=local|*.local|169.254/16|*.169.254/16, user.home=/Users/Hongxiang, user.timezone=Asia/Shanghai, java.awt.printerjob=sun.lwawt.macosx.CPrinterJob, file.encoding=UTF-8, java.specification.version=1.8, java.class.path=/Users/Hongxiang/IdeaProjects/springboot.single/build/classes/java/test:/Users/Hongxiang/IdeaProjects/springboot.single/build/resources/test:/Users/Hongxiang/IdeaProjects/springboot.single/build/classes/java/main:/Users/Hongxiang/IdeaProjects/springboot.single/build/resources/main:/Users/Hongxiang/.gradle/caches/modules-2/files-2.1/org.springframework.boot/spring-boot-starter-web/2.0.2.RELEASE/b6ef0cf4d0a7c6c7e93ff524b84cd1d8f87f67d9/spring-boot-starter-web-2.0.2.RELEASE.jar:/Users/Hongxiang/.gradle/caches/modules-2/files-2.1/de.codecentric/spring-boot-admin-starter-client/2.0.0/94bae23fce6c48acdce2de33182d56531515e0ae/spring-boot-admin-starter-client-2.0.0.jar:/Users/Hongxiang/.gradle/caches/modules-2/files-2.1/de.codecentric/spring-boot-admin-client/2.0.0/83b32212140e218173939a095dee2c1af45378b2/spring-boot-admin-client-2.0.0.jar:/Users/Hongxiang/.gradle/caches/modules-2/files-2.1/org.springframework.boot/spring-boot-starter-actuator/2.0.2.RELEASE/bf24a7e12afcebae667819b616528e9b13574275/spring-boot-starter-actuator-2.0.2.RELEASE.jar:/Users/Hongxiang/.gradle/caches/modules-2/files-2.1/org.springframework.boot/spring-boot-starter-amqp/2.0.2.RELEASE/15f781c7772a09972aef7aad6c1cdf08b49789a6/spring-boot-starter-amqp-2.0.2.RELEASE.jar:/Users/Hongxiang/.gradle/caches/modules-2/files-2.1/org.springframework.boot/spring-boot-starter-test/2.0.2.RELEASE/d9e090412f318586e0f277e24740b79b58ef190b/spring-boot-starter-test-2.0.2.RELEASE.jar:/Users/Hongxiang/.gradle/caches/modules-2/files-2.1/org.springframework.boot/spring-boot-starter-json/2.0.2.RELEASE/5edda979838ced5314b8f58a958fe9d6b4b3badd/spring-boot-starter-json-2.0.2.RELEASE.jar:/Users/Hongxiang/.gradle/caches/modules-2/files-2.1/org.springframework.boot/spring-boot-starter/2.0.2.RELEASE/1cda94f0dfcf2b065191782a54b84d2abf96391/spring-boot-starter-2.0.2.RELEASE.jar:/Users/Hongxiang/.gradle/caches/modules-2/files-2.1/io.springfox/springfox-swagger2/2.6.1/73c3a70ec0b10b61c8eb9ef1659131cd78dbbd82/springfox-swagger2-2.6.1.jar:/Users/Hongxiang/.gradle/caches/modules-2/files-2.1/io.springfox/springfox-swagger-ui/2.6.1/4c854c86c91ab36c86fc1a63571a0614c2ea9ab2/springfox-swagger-ui-2.6.1.jar:/Users/Hongxiang/.gradle/caches/modules-2/files-2.1/org.projectlombok/lombok/1.16.18/557d13dcb647038dc687390711ccb5c9b3ffbd60/lombok-1.16.18.jar:/Users/Hongxiang/.gradle/caches/modules-2/files-2.1/org.jolokia/jolokia-core/1.5.0/9662538a5fc75883502afe4bbbaaf4521d440cd3/jolokia-core-1.5.0.jar:/Users/Hongxiang/.gradle/caches/modules-2/files-2.1/com.googlecode.json-simple/json-simple/1.1.1/c9ad4a0850ab676c5c64461a05ca524cdfff59f1/json-simple-1.1.1.jar:/Users/Hongxiang/.gradle/caches/modules-2/files-2.1/junit/junit/4.12/2973d150c0dc1fefe998f834810d68f278ea58ec/junit-4.12.jar:/Users/Hongxiang/.gradle/caches/modules-2/files-2.1/org.springframework.boot/spring-boot-starter-tomcat/2.0.2.RELEASE/cedbfb18762e1c220007c768bfc5b773f5b30f8a/spring-boot-starter-tomcat-2.0.2.RELEASE.jar:/Users/Hongxiang/.gradle/caches/modules-2/files-2.1/org.hibernate.validator/hibernate-validator/6.0.9.Final/b149e4cce82379f11f6129eb3187ca8ae5404005/hibernate-validator-6.0.9.Final.jar:/Users/Hongxiang/.gradle/caches/modules-2/files-2.1/org.springframework/spring-webmvc/5.0.6.RELEASE/1361c5d1cf46665ee01de5dc1ca447c3be174c19/spring-webmvc-5.0.6.RELEASE.jar:/Users/Hongxiang/.gradle/caches/modules-2/files-2.1/org.springframework.amqp/spring-rabbit/2.0.3.RELEASE/60436f27408167da4884ff25ce98bf6728a09da1/spring-rabbit-2.0.3.RELEASE.jar:/Users/Hongxiang/.gradle/caches/modules-2/files-2.1/org.springframework/spring-web/5.0.6.RELEASE/89e89de3025165998118590613aedc6df8d64af6/spring-web-5.0.6.RELEASE.jar:/Users/Hongxiang/.gradle/caches/modules-2/files-2.1/org.springframework.boot/spring-boot-actuator-autoconfigure/2.0.2.RELEASE/5165c5f431baf565bf9b07ce1956b71706fa37d/spring-boot-actuator-autoconfigure-2.0.2.RELEASE.jar:/Users/Hongxiang/.gradle/caches/modules-2/files-2.1/org.springframework.boot/spring-boot-test-autoconfigure/2.0.2.RELEASE/4993bdd96a4c02bc5b5703862d99ef4c563f25d0/spring-boot-test-autoconfigure-2.0.2.RELEASE.jar:/Users/Hongxiang/.gradle/caches/modules-2/files-2.1/org.springframework.boot/spring-boot-autoconfigure/2.0.2.RELEASE/f4b25e753e4955337a138d8b1550236b5efe5b3b/spring-boot-autoconfigure-2.0.2.RELEASE.jar:/Users/Hongxiang/.gradle/caches/modules-2/files-2.1/org.springframework.boot/spring-boot-test/2.0.2.RELEASE/fc85812e6543312a3b0ea9fbbdfd4a51183380a3/spring-boot-test-2.0.2.RELEASE.jar:/Users/Hongxiang/.gradle/caches/modules-2/files-2.1/org.springframework.boot/spring-boot-actuator/2.0.2.RELEASE/b849b4a60d01e6a17d563314d67bae4697b6ed04/spring-boot-actuator-2.0.2.RELEASE.jar:/Users/Hongxiang/.gradle/caches/modules-2/files-2.1/org.springframework.boot/spring-boot/2.0.2.RELEASE/15012cf02e9f77938244e554f0598535fdd1cb38/spring-boot-2.0.2.RELEASE.jar:/Users/Hongxiang/.gradle/caches/modules-2/files-2.1/org.springframework.boot/spring-boot-starter-logging/2.0.2.RELEASE/b56d7d1931792d6e58dbd41f956912359ba85238/spring-boot-starter-logging-2.0.2.RELEASE.jar:/Users/Hongxiang/.gradle/caches/modules-2/files-2.1/javax.annotation/javax.annotation-api/1.3.2/934c04d3cfef185a8008e7bf34331b79730a9d43/javax.annotation-api-1.3.2.jar:/Users/Hongxiang/.gradle/caches/modules-2/files-2.1/org.springframework/spring-messaging/5.0.6.RELEASE/aa1d75a9595ac8681a82589d28573937ec1becee/spring-messaging-5.0.6.RELEASE.jar:/Users/Hongxiang/.gradle/caches/modules-2/files-2.1/org.springframework/spring-test/5.0.6.RELEASE/dbc99b288774b2e07d94bc14fe38d556bc3ed34a/spring-test-5.0.6.RELEASE.jar:/Users/Hongxiang/.gradle/caches/modules-2/files-2.1/io.springfox/springfox-swagger-common/2.6.1/47befb039a0a1f0cdaab74d2777fa9eb6b01f8db/springfox-swagger-common-2.6.1.jar:/Users/Hongxiang/.gradle/caches/modules-2/files-2.1/io.springfox/springfox-spring-web/2.6.1/6478ed7e49755b652aac907d42a735349056a6a/springfox-spring-web-2.6.1.jar:/Users/Hongxiang/.gradle/caches/modules-2/files-2.1/io.springfox/springfox-schema/2.6.1/b4d837ed7dc726a59504d2e6587e162e071a8965/springfox-schema-2.6.1.jar:/Users/Hongxiang/.gradle/caches/modules-2/files-2.1/io.springfox/springfox-spi/2.6.1/972ae720c6a9a5f31be2744972b435cc39166174/springfox-spi-2.6.1.jar:/Users/Hongxiang/.gradle/caches/modules-2/files-2.1/io.springfox/springfox-core/2.6.1/5c502e6b9d50d34096077eacc384cd00f63710e1/springfox-core-2.6.1.jar:/Users/Hongxiang/.gradle/caches/modules-2/files-2.1/org.springframework.plugin/spring-plugin-metadata/1.2.0.RELEASE/97223fc496b6cab31602eedbd4202aa4fff0d44f/spring-plugin-metadata-1.2.0.RELEASE.jar:/Users/Hongxiang/.gradle/caches/modules-2/files-2.1/org.springframework.plugin/spring-plugin-core/1.2.0.RELEASE/f380e7760032e7d929184f8ad8a33716b75c0657/spring-plugin-core-1.2.0.RELEASE.jar:/Users/Hongxiang/.gradle/caches/modules-2/files-2.1/org.springframework/spring-context/5.0.6.RELEASE/8b73b742ef0ddce04f0f1068f305de240b00ce0d/spring-context-5.0.6.RELEASE.jar:/Users/Hongxiang/.gradle/caches/modules-2/files-2.1/org.springframework/spring-expression/5.0.6.RELEASE/dec57ae5e6f0dfd4c6cfc199aa13ed268c3e1a65/spring-expression-5.0.6.RELEASE.jar:/Users/Hongxiang/.gradle/caches/modules-2/files-2.1/org.springframework.amqp/spring-amqp/2.0.3.RELEASE/357205b44e1a056a107d071504b3d82c557d0e71/spring-amqp-2.0.3.RELEASE.jar:/Users/Hongxiang/.gradle/caches/modules-2/files-2.1/org.springframework/spring-tx/5.0.6.RELEASE/1b6ffc44f2d59507a0fce1084fcc21788b13904/spring-tx-5.0.6.RELEASE.jar:/Users/Hongxiang/.gradle/caches/modules-2/files-2.1/org.springframework.retry/spring-retry/1.2.2.RELEASE/638928732585c450e461f0a132b6834ad7cf3af0/spring-retry-1.2.2.RELEASE.jar:/Users/Hongxiang/.gradle/caches/modules-2/files-2.1/org.springframework/spring-aop/5.0.6.RELEASE/74078df698992054c1c1a8f705763a6c7b4b914c/spring-aop-5.0.6.RELEASE.jar:/Users/Hongxiang/.gradle/caches/modules-2/files-2.1/org.springframework/spring-beans/5.0.6.RELEASE/d609b83cd8a71650a70778cf8d02c9a05b9161fe/spring-beans-5.0.6.RELEASE.jar:/Users/Hongxiang/.gradle/caches/modules-2/files-2.1/org.springframework/spring-core/5.0.6.RELEASE/984a52455b1be596b7f1a29f62d21d2f483eb764/spring-core-5.0.6.RELEASE.jar:/Users/Hongxiang/.gradle/caches/modules-2/files-2.1/org.yaml/snakeyaml/1.19/2d998d3d674b172a588e54ab619854d073f555b5/snakeyaml-1.19.jar:/Users/Hongxiang/.gradle/caches/modules-2/files-2.1/io.micrometer/micrometer-core/1.0.4/469c27eee20e79bdfd31ea93adfe43f95bfa4887/micrometer-core-1.0.4.jar:/Users/Hongxiang/.gradle/caches/modules-2/files-2.1/io.swagger/swagger-models/1.5.10/da29e4f4f7cff80b1ef134b0f3805013be443e58/swagger-models-1.5.10.jar:/Users/Hongxiang/.gradle/caches/modules-2/files-2.1/io.swagger/swagger-annotations/1.5.10/246ec68bce560227d3633d5ab5979437544bd6dc/swagger-annotations-1.5.10.jar:/Users/Hongxiang/.gradle/caches/modules-2/files-2.1/com.google.guava/guava/18.0/cce0823396aa693798f8882e64213b1772032b09/guava-18.0.jar:/Users/Hongxiang/.gradle/caches/modules-2/files-2.1/com.fasterxml/classmate/1.3.4/3d5f48f10bbe4eb7bd862f10c0583be2e0053c6/classmate-1.3.4.jar:/Users/Hongxiang/.gradle/caches/modules-2/files-2.1/com.jayway.jsonpath/json-path/2.4.0/765a4401ceb2dc8d40553c2075eb80a8fa35c2ae/json-path-2.4.0.jar:/Users/Hongxiang/.gradle/caches/modules-2/files-2.1/ch.qos.logback/logback-classic/1.2.3/7c4f3c474fb2c041d8028740440937705ebb473a/logback-classic-1.2.3.jar:/Users/Hongxiang/.gradle/caches/modules-2/files-2.1/org.apache.logging.log4j/log4j-to-slf4j/2.10.0/f7e631ccf49cfc0aefa4a2a728da7d374c05bd3c/log4j-to-slf4j-2.10.0.jar:/Users/Hongxiang/.gradle/caches/modules-2/files-2.1/org.slf4j/jul-to-slf4j/1.7.25/af5364cd6679bfffb114f0dec8a157aaa283b76/jul-to-slf4j-1.7.25.jar:/Users/Hongxiang/.gradle/caches/modules-2/files-2.1/com.rabbitmq/amqp-client/5.1.2/89bf04e50635f83bc40dabce1379c1463d7458ec/amqp-client-5.1.2.jar:/Users/Hongxiang/.gradle/caches/modules-2/files-2.1/org.slf4j/slf4j-api/1.7.25/da76ca59f6a57ee3102f8f9bd9cee742973efa8a/slf4j-api-1.7.25.jar:/Users/Hongxiang/.gradle/caches/modules-2/files-2.1/org.mapstruct/mapstruct/1.0.0.Final/794bb2c7d3dd69211deb22857d92fb4c5361be3f/mapstruct-1.0.0.Final.jar:/Users/Hongxiang/.gradle/caches/modules-2/files-2.1/org.assertj/assertj-core/3.9.1/c5ce126b15f28d56cd8f960c1a6a058b9c9aea87/assertj-core-3.9.1.jar:/Users/Hongxiang/.gradle/caches/modules-2/files-2.1/org.mockito/mockito-core/2.15.0/b84bfbbc29cd22c9529409627af6ea2897f4fa85/mockito-core-2.15.0.jar:/Users/Hongxiang/.gradle/caches/modules-2/files-2.1/org.hamcrest/hamcrest-library/1.3/4785a3c21320980282f9f33d0d1264a69040538f/hamcrest-library-1.3.jar:/Users/Hongxiang/.gradle/caches/modules-2/files-2.1/org.hamcrest/hamcrest-core/1.3/42a25dc3219429f0e5d060061f71acb49bf010a0/hamcrest-core-1.3.jar:/Users/Hongxiang/.gradle/caches/modules-2/files-2.1/org.skyscreamer/jsonassert/1.5.0/6c9d5fe2f59da598d9aefc1cfc6528ff3cf32df3/jsonassert-1.5.0.jar:/Users/Hongxiang/.gradle/caches/modules-2/files-2.1/org.xmlunit/xmlunit-core/2.5.1/4ffdb346572a7356f7521cd3119ce5287d2e339d/xmlunit-core-2.5.1.jar:/Users/Hongxiang/.gradle/caches/modules-2/files-2.1/com.fasterxml.jackson.datatype/jackson-datatype-jdk8/2.9.5/23e37f085279ba316c0df923513b81609e1d1f6/jackson-datatype-jdk8-2.9.5.jar:/Users/Hongxiang/.gradle/caches/modules-2/files-2.1/com.fasterxml.jackson.datatype/jackson-datatype-jsr310/2.9.5/d1f0d11e816bc04e222a261106ca138801841c2d/jackson-datatype-jsr310-2.9.5.jar:/Users/Hongxiang/.gradle/caches/modules-2/files-2.1/com.fasterxml.jackson.module/jackson-module-parameter-names/2.9.5/f824c60751ffb7bfc3a0d30dfe0e42317d8e67f5/jackson-module-parameter-names-2.9.5.jar:/Users/Hongxiang/.gradle/caches/modules-2/files-2.1/com.fasterxml.jackson.core/jackson-databind/2.9.5/3490508379d065fe3fcb80042b62f630f7588606/jackson-databind-2.9.5.jar:/Users/Hongxiang/.gradle/caches/modules-2/files-2.1/org.apache.tomcat.embed/tomcat-embed-websocket/8.5.31/6564e716b89de5eaa0dd234ae7989576503ddf3/tomcat-embed-websocket-8.5.31.jar:/Users/Hongxiang/.gradle/caches/modules-2/files-2.1/org.apache.tomcat.embed/tomcat-embed-core/8.5.31/f5adf7ed8c34aa005b22b6a2dc7b6796e10e9c79/tomcat-embed-core-8.5.31.jar:/Users/Hongxiang/.gradle/caches/modules-2/files-2.1/org.apache.tomcat.embed/tomcat-embed-el/8.5.31/3a536e1ac71b82627c3a7408eb38fa0704cb9034/tomcat-embed-el-8.5.31.jar:/Users/Hongxiang/.gradle/caches/modules-2/files-2.1/javax.validation/validation-api/2.0.1.Final/cb855558e6271b1b32e716d24cb85c7f583ce09e/validation-api-2.0.1.Final.jar:/Users/Hongxiang/.gradle/caches/modules-2/files-2.1/org.jboss.logging/jboss-logging/3.3.2.Final/3789d00e859632e6c6206adc0c71625559e6e3b0/jboss-logging-3.3.2.Final.jar:/Users/Hongxiang/.gradle/caches/modules-2/files-2.1/org.springframework/spring-jcl/5.0.6.RELEASE/295ee4e8657e9c1fd327735c01d5fbce339cc44d/spring-jcl-5.0.6.RELEASE.jar:/Users/Hongxiang/.gradle/caches/modules-2/files-2.1/org.hdrhistogram/HdrHistogram/2.1.10/9e1ac84eed220281841b75e72fb9de5a297fbf04/HdrHistogram-2.1.10.jar:/Users/Hongxiang/.gradle/caches/modules-2/files-2.1/org.latencyutils/LatencyUtils/2.0.3/769c0b82cb2421c8256300e907298a9410a2a3d3/LatencyUtils-2.0.3.jar:/Users/Hongxiang/.gradle/caches/modules-2/files-2.1/com.fasterxml.jackson.core/jackson-annotations/2.9.0/7c10d545325e3a6e72e06381afe469fd40eb701/jackson-annotations-2.9.0.jar:/Users/Hongxiang/.gradle/caches/modules-2/files-2.1/net.minidev/json-smart/2.3/7396407491352ce4fa30de92efb158adb76b5b/json-smart-2.3.jar:/Users/Hongxiang/.gradle/caches/modules-2/files-2.1/net.bytebuddy/byte-buddy/1.7.11/f02857a4e2c66ccbe7aaad6100a0a6c461bce9b3/byte-buddy-1.7.11.jar:/Users/Hongxiang/.gradle/caches/modules-2/files-2.1/net.bytebuddy/byte-buddy-agent/1.7.11/b425a8933ca07edd03c6dbc8bc3b595fba9780de/byte-buddy-agent-1.7.11.jar:/Users/Hongxiang/.gradle/caches/modules-2/files-2.1/org.objenesis/objenesis/2.6/639033469776fd37c08358c6b92a4761feb2af4b/objenesis-2.6.jar:/Users/Hongxiang/.gradle/caches/modules-2/files-2.1/com.vaadin.external.google/android-json/0.0.20131108.vaadin1/fa26d351fe62a6a17f5cda1287c1c6110dec413f/android-json-0.0.20131108.vaadin1.jar:/Users/Hongxiang/.gradle/caches/modules-2/files-2.1/com.fasterxml.jackson.core/jackson-core/2.9.5/a22ac51016944b06fd9ffbc9541c6e7ce5eea117/jackson-core-2.9.5.jar:/Users/Hongxiang/.gradle/caches/modules-2/files-2.1/ch.qos.logback/logback-core/1.2.3/864344400c3d4d92dfeb0a305dc87d953677c03c/logback-core-1.2.3.jar:/Users/Hongxiang/.gradle/caches/modules-2/files-2.1/org.apache.logging.log4j/log4j-api/2.10.0/fec5797a55b786184a537abd39c3fa1449d752d6/log4j-api-2.10.0.jar:/Users/Hongxiang/.gradle/caches/modules-2/files-2.1/net.minidev/accessors-smart/1.2/c592b500269bfde36096641b01238a8350f8aa31/accessors-smart-1.2.jar:/Users/Hongxiang/.gradle/caches/modules-2/files-2.1/org.ow2.asm/asm/5.0.4/da08b8cce7bbf903602a25a3a163ae252435795/asm-5.0.4.jar, user.name=Hongxiang, java.vm.specification.version=1.8, sun.java.command=worker.org.gradle.process.internal.worker.GradleWorkerMain 'Gradle Test Executor 6', java.home=/Library/Java/JavaVirtualMachines/jdk1.8.0_172.jdk/Contents/Home/jre, sun.arch.data.model=64, user.language=en, java.specification.vendor=Oracle Corporation, awt.toolkit=sun.lwawt.macosx.LWCToolkit, java.vm.info=mixed mode, java.version=1.8.0_172, java.ext.dirs=/Users/Hongxiang/Library/Java/Extensions:/Library/Java/JavaVirtualMachines/jdk1.8.0_172.jdk/Contents/Home/jre/lib/ext:/Library/Java/Extensions:/Network/Library/Java/Extensions:/System/Library/Java/Extensions:/usr/lib/java, sun.boot.class.path=/Library/Java/JavaVirtualMachines/jdk1.8.0_172.jdk/Contents/Home/jre/lib/resources.jar:/Library/Java/JavaVirtualMachines/jdk1.8.0_172.jdk/Contents/Home/jre/lib/rt.jar:/Library/Java/JavaVirtualMachines/jdk1.8.0_172.jdk/Contents/Home/jre/lib/sunrsasign.jar:/Library/Java/JavaVirtualMachines/jdk1.8.0_172.jdk/Contents/Home/jre/lib/jsse.jar:/Library/Java/JavaVirtualMachines/jdk1.8.0_172.jdk/Contents/Home/jre/lib/jce.jar:/Library/Java/JavaVirtualMachines/jdk1.8.0_172.jdk/Contents/Home/jre/lib/charsets.jar:/Library/Java/JavaVirtualMachines/jdk1.8.0_172.jdk/Contents/Home/jre/lib/jfr.jar:/Library/Java/JavaVirtualMachines/jdk1.8.0_172.jdk/Contents/Home/jre/classes, java.vendor=Oracle Corporation, org.gradle.test.worker=6, file.separator=/, java.vendor.url.bug=http://bugreport.sun.com/bugreport/, sun.io.unicode.encoding=UnicodeBig, sun.cpu.endian=little, socksNonProxyHosts=local|*.local|169.254/16|*.169.254/16, ftp.nonProxyHosts=local|*.local|169.254/16|*.169.254/16, sun.cpu.isalist=}}, SystemEnvironmentPropertySource@704176971 {name='systemEnvironment', properties={PATH=/usr/local/bin:/usr/bin:/bin:/usr/sbin:/sbin, SHELL=/bin/zsh, JAVA_MAIN_CLASS_4475=worker.org.gradle.process.internal.worker.GradleWorkerMain, PAGER=less, LSCOLORS=Gxfxcxdxbxegedabagacad, OLDPWD=/Applications/IntelliJ IDEA CE.app/Contents/bin, SECURITYSESSIONID=186a8, VERSIONER_PYTHON_PREFER_32_BIT=no, USER=Hongxiang, ZSH=/Users/Hongxiang/.oh-my-zsh, COMMAND_MODE=unix2003, TMPDIR=/var/folders/bm/9bkm3sy52xg7jvdy7hk3nmrr0000gn/T/, SSH_AUTH_SOCK=/private/tmp/com.apple.launchd.J8aXbpDjWi/Listeners, XPC_FLAGS=0x0, VERSIONER_PYTHON_VERSION=2.7, __CF_USER_TEXT_ENCODING=0x1F5:0x0:0x0, Apple_PubSub_Socket_Render=/private/tmp/com.apple.launchd.1d7R0lNW2E/Render, LESS=-R, LOGNAME=Hongxiang, LC_CTYPE=, XPC_SERVICE_NAME=com.apple.xpc.launchd.oneshot.0x10000003.idea, HOME=/Users/Hongxiang}}]
22:23:58.698 [Test worker] DEBUG org.springframework.test.context.support.TestPropertySourceUtils - Adding inlined properties to environment: {spring.jmx.enabled=false, org.springframework.boot.test.context.SpringBootTestContextBootstrapper=true}
22:23:58.698 [Test worker] DEBUG org.springframework.core.env.StandardEnvironment - Adding PropertySource 'Inlined Test Properties' with highest search precedence

  .   ____          _            __ _ _
 /\\ / ___'_ __ _ _(_)_ __  __ _ \ \ \ \
( ( )\___ | '_ | '_| | '_ \/ _` | \ \ \ \
 \\/  ___)| |_)| | | | | || (_| |  ) ) ) )
  '  |____| .__|_| |_|_| |_\__, | / / / /
 =========|_|==============|___/=/_/_/_/
 :: Spring Boot ::        (v2.0.2.RELEASE)

2018-06-04 22:23:59.007  INFO 4475 --- [    Test worker] c.f.s.s.r.helloworld.ReceiverTest        : Starting ReceiverTest on 192.168.0.118 with PID 4475 (started by Hongxiang in /Users/Hongxiang/IdeaProjects/springboot.single)
2018-06-04 22:23:59.008  INFO 4475 --- [    Test worker] c.f.s.s.r.helloworld.ReceiverTest        : No active profile set, falling back to default profiles: default
2018-06-04 22:23:59.030  INFO 4475 --- [    Test worker] ConfigServletWebServerApplicationContext : Refreshing org.springframework.boot.web.servlet.context.AnnotationConfigServletWebServerApplicationContext@5dd9706e: startup date [Mon Jun 04 22:23:59 CST 2018]; root of context hierarchy
2018-06-04 22:24:00.460  INFO 4475 --- [    Test worker] trationDelegate$BeanPostProcessorChecker : Bean 'org.springframework.amqp.rabbit.annotation.RabbitBootstrapConfiguration' of type [org.springframework.amqp.rabbit.annotation.RabbitBootstrapConfiguration$$EnhancerBySpringCGLIB$$2846666d] is not eligible for getting processed by all BeanPostProcessors (for example: not eligible for auto-proxying)
2018-06-04 22:24:00.832  INFO 4475 --- [    Test worker] o.s.b.w.embedded.tomcat.TomcatWebServer  : Tomcat initialized with port(s): 8080 (http)
2018-06-04 22:24:00.858  INFO 4475 --- [    Test worker] o.apache.catalina.core.StandardService   : Starting service [Tomcat]
2018-06-04 22:24:00.859  INFO 4475 --- [    Test worker] org.apache.catalina.core.StandardEngine  : Starting Servlet Engine: Apache Tomcat/8.5.31
2018-06-04 22:24:00.868  INFO 4475 --- [ost-startStop-1] o.a.catalina.core.AprLifecycleListener   : The APR based Apache Tomcat Native library which allows optimal performance in production environments was not found on the java.library.path: [/Users/Hongxiang/Library/Java/Extensions:/Library/Java/Extensions:/Network/Library/Java/Extensions:/System/Library/Java/Extensions:/usr/lib/java:.]
2018-06-04 22:24:00.980  INFO 4475 --- [ost-startStop-1] o.a.c.c.C.[Tomcat].[localhost].[/api]    : Initializing Spring embedded WebApplicationContext
2018-06-04 22:24:00.980  INFO 4475 --- [ost-startStop-1] o.s.web.context.ContextLoader            : Root WebApplicationContext: initialization completed in 1953 ms
2018-06-04 22:24:01.813  INFO 4475 --- [ost-startStop-1] o.s.b.w.servlet.ServletRegistrationBean  : Servlet myServlet mapped to [/xs/*]
2018-06-04 22:24:01.815  INFO 4475 --- [ost-startStop-1] o.s.b.w.servlet.ServletRegistrationBean  : Servlet myServlet2 mapped to [/xs2/*]
2018-06-04 22:24:01.815  INFO 4475 --- [ost-startStop-1] o.s.b.w.servlet.ServletRegistrationBean  : Servlet dispatcherServlet mapped to [/]
2018-06-04 22:24:01.817  INFO 4475 --- [ost-startStop-1] o.s.b.w.servlet.FilterRegistrationBean   : Mapping filter: 'characterEncodingFilter' to: [/*]
2018-06-04 22:24:01.818  INFO 4475 --- [ost-startStop-1] o.s.b.w.servlet.FilterRegistrationBean   : Mapping filter: 'hiddenHttpMethodFilter' to: [/*]
2018-06-04 22:24:01.818  INFO 4475 --- [ost-startStop-1] o.s.b.w.servlet.FilterRegistrationBean   : Mapping filter: 'httpPutFormContentFilter' to: [/*]
2018-06-04 22:24:01.818  INFO 4475 --- [ost-startStop-1] o.s.b.w.servlet.FilterRegistrationBean   : Mapping filter: 'requestContextFilter' to: [/*]
2018-06-04 22:24:01.818  INFO 4475 --- [ost-startStop-1] o.s.b.w.servlet.FilterRegistrationBean   : Mapping filter: 'httpTraceFilter' to: [/*]
2018-06-04 22:24:01.818  INFO 4475 --- [ost-startStop-1] o.s.b.w.servlet.FilterRegistrationBean   : Mapping filter: 'webMvcMetricsFilter' to: [/*]
2018-06-04 22:24:01.819  INFO 4475 --- [ost-startStop-1] o.s.b.a.e.web.ServletEndpointRegistrar   : Registered '/actuator/jolokia' to jolokia-actuator-endpoint
2018-06-04 22:24:02.248  INFO 4475 --- [    Test worker] s.w.s.m.m.a.RequestMappingHandlerMapping : Mapped "{[/product/{id}],methods=[GET]}" onto public com.fhx.springboot.single.domain.product.Product com.fhx.springboot.single.domain.product.ProductController.getProductById(java.lang.Long)
2018-06-04 22:24:02.250  INFO 4475 --- [    Test worker] s.w.s.m.m.a.RequestMappingHandlerMapping : Mapped "{[/product/exception],methods=[GET]}" onto public void com.fhx.springboot.single.domain.productwithexception.ProductWithExceptionController.sendProductWithExceptionMsg()
2018-06-04 22:24:02.250  INFO 4475 --- [    Test worker] s.w.s.m.m.a.RequestMappingHandlerMapping : Mapped "{[/wellcom],methods=[GET]}" onto public java.lang.String com.fhx.springboot.single.domain.wellcom.WellcomController.sayWellcom()
2018-06-04 22:24:02.253  INFO 4475 --- [    Test worker] s.w.s.m.m.a.RequestMappingHandlerMapping : Mapped "{[/v2/api-docs],methods=[GET],produces=[application/json || application/hal+json]}" onto public org.springframework.http.ResponseEntity<springfox.documentation.spring.web.json.Json> springfox.documentation.swagger2.web.Swagger2Controller.getDocumentation(java.lang.String,javax.servlet.http.HttpServletRequest)
2018-06-04 22:24:02.260  INFO 4475 --- [    Test worker] s.w.s.m.m.a.RequestMappingHandlerMapping : Mapped "{[/swagger-resources/configuration/security]}" onto org.springframework.http.ResponseEntity<springfox.documentation.swagger.web.SecurityConfiguration> springfox.documentation.swagger.web.ApiResourceController.securityConfiguration()
2018-06-04 22:24:02.261  INFO 4475 --- [    Test worker] s.w.s.m.m.a.RequestMappingHandlerMapping : Mapped "{[/swagger-resources/configuration/ui]}" onto org.springframework.http.ResponseEntity<springfox.documentation.swagger.web.UiConfiguration> springfox.documentation.swagger.web.ApiResourceController.uiConfiguration()
2018-06-04 22:24:02.262  INFO 4475 --- [    Test worker] s.w.s.m.m.a.RequestMappingHandlerMapping : Mapped "{[/swagger-resources]}" onto org.springframework.http.ResponseEntity<java.util.List<springfox.documentation.swagger.web.SwaggerResource>> springfox.documentation.swagger.web.ApiResourceController.swaggerResources()
2018-06-04 22:24:02.265  INFO 4475 --- [    Test worker] s.w.s.m.m.a.RequestMappingHandlerMapping : Mapped "{[/error]}" onto public org.springframework.http.ResponseEntity<java.util.Map<java.lang.String, java.lang.Object>> org.springframework.boot.autoconfigure.web.servlet.error.BasicErrorController.error(javax.servlet.http.HttpServletRequest)
2018-06-04 22:24:02.265  INFO 4475 --- [    Test worker] s.w.s.m.m.a.RequestMappingHandlerMapping : Mapped "{[/error],produces=[text/html]}" onto public org.springframework.web.servlet.ModelAndView org.springframework.boot.autoconfigure.web.servlet.error.BasicErrorController.errorHtml(javax.servlet.http.HttpServletRequest,javax.servlet.http.HttpServletResponse)
2018-06-04 22:24:02.343  INFO 4475 --- [    Test worker] o.s.b.a.e.web.EndpointLinksResolver      : Exposing 15 endpoint(s) beneath base path '/actuator'
2018-06-04 22:24:02.355  INFO 4475 --- [    Test worker] s.b.a.e.w.s.WebMvcEndpointHandlerMapping : Mapped "{[/actuator/auditevents],methods=[GET],produces=[application/vnd.spring-boot.actuator.v2+json || application/json]}" onto public java.lang.Object org.springframework.boot.actuate.endpoint.web.servlet.AbstractWebMvcEndpointHandlerMapping$OperationHandler.handle(javax.servlet.http.HttpServletRequest,java.util.Map<java.lang.String, java.lang.String>)
2018-06-04 22:24:02.356  INFO 4475 --- [    Test worker] s.b.a.e.w.s.WebMvcEndpointHandlerMapping : Mapped "{[/actuator/beans],methods=[GET],produces=[application/vnd.spring-boot.actuator.v2+json || application/json]}" onto public java.lang.Object org.springframework.boot.actuate.endpoint.web.servlet.AbstractWebMvcEndpointHandlerMapping$OperationHandler.handle(javax.servlet.http.HttpServletRequest,java.util.Map<java.lang.String, java.lang.String>)
2018-06-04 22:24:02.357  INFO 4475 --- [    Test worker] s.b.a.e.w.s.WebMvcEndpointHandlerMapping : Mapped "{[/actuator/health],methods=[GET],produces=[application/vnd.spring-boot.actuator.v2+json || application/json]}" onto public java.lang.Object org.springframework.boot.actuate.endpoint.web.servlet.AbstractWebMvcEndpointHandlerMapping$OperationHandler.handle(javax.servlet.http.HttpServletRequest,java.util.Map<java.lang.String, java.lang.String>)
2018-06-04 22:24:02.357  INFO 4475 --- [    Test worker] s.b.a.e.w.s.WebMvcEndpointHandlerMapping : Mapped "{[/actuator/conditions],methods=[GET],produces=[application/vnd.spring-boot.actuator.v2+json || application/json]}" onto public java.lang.Object org.springframework.boot.actuate.endpoint.web.servlet.AbstractWebMvcEndpointHandlerMapping$OperationHandler.handle(javax.servlet.http.HttpServletRequest,java.util.Map<java.lang.String, java.lang.String>)
2018-06-04 22:24:02.357  INFO 4475 --- [    Test worker] s.b.a.e.w.s.WebMvcEndpointHandlerMapping : Mapped "{[/actuator/configprops],methods=[GET],produces=[application/vnd.spring-boot.actuator.v2+json || application/json]}" onto public java.lang.Object org.springframework.boot.actuate.endpoint.web.servlet.AbstractWebMvcEndpointHandlerMapping$OperationHandler.handle(javax.servlet.http.HttpServletRequest,java.util.Map<java.lang.String, java.lang.String>)
2018-06-04 22:24:02.358  INFO 4475 --- [    Test worker] s.b.a.e.w.s.WebMvcEndpointHandlerMapping : Mapped "{[/actuator/env],methods=[GET],produces=[application/vnd.spring-boot.actuator.v2+json || application/json]}" onto public java.lang.Object org.springframework.boot.actuate.endpoint.web.servlet.AbstractWebMvcEndpointHandlerMapping$OperationHandler.handle(javax.servlet.http.HttpServletRequest,java.util.Map<java.lang.String, java.lang.String>)
2018-06-04 22:24:02.358  INFO 4475 --- [    Test worker] s.b.a.e.w.s.WebMvcEndpointHandlerMapping : Mapped "{[/actuator/env/{toMatch}],methods=[GET],produces=[application/vnd.spring-boot.actuator.v2+json || application/json]}" onto public java.lang.Object org.springframework.boot.actuate.endpoint.web.servlet.AbstractWebMvcEndpointHandlerMapping$OperationHandler.handle(javax.servlet.http.HttpServletRequest,java.util.Map<java.lang.String, java.lang.String>)
2018-06-04 22:24:02.358  INFO 4475 --- [    Test worker] s.b.a.e.w.s.WebMvcEndpointHandlerMapping : Mapped "{[/actuator/info],methods=[GET],produces=[application/vnd.spring-boot.actuator.v2+json || application/json]}" onto public java.lang.Object org.springframework.boot.actuate.endpoint.web.servlet.AbstractWebMvcEndpointHandlerMapping$OperationHandler.handle(javax.servlet.http.HttpServletRequest,java.util.Map<java.lang.String, java.lang.String>)
2018-06-04 22:24:02.359  INFO 4475 --- [    Test worker] s.b.a.e.w.s.WebMvcEndpointHandlerMapping : Mapped "{[/actuator/loggers],methods=[GET],produces=[application/vnd.spring-boot.actuator.v2+json || application/json]}" onto public java.lang.Object org.springframework.boot.actuate.endpoint.web.servlet.AbstractWebMvcEndpointHandlerMapping$OperationHandler.handle(javax.servlet.http.HttpServletRequest,java.util.Map<java.lang.String, java.lang.String>)
2018-06-04 22:24:02.359  INFO 4475 --- [    Test worker] s.b.a.e.w.s.WebMvcEndpointHandlerMapping : Mapped "{[/actuator/loggers/{name}],methods=[GET],produces=[application/vnd.spring-boot.actuator.v2+json || application/json]}" onto public java.lang.Object org.springframework.boot.actuate.endpoint.web.servlet.AbstractWebMvcEndpointHandlerMapping$OperationHandler.handle(javax.servlet.http.HttpServletRequest,java.util.Map<java.lang.String, java.lang.String>)
2018-06-04 22:24:02.360  INFO 4475 --- [    Test worker] s.b.a.e.w.s.WebMvcEndpointHandlerMapping : Mapped "{[/actuator/loggers/{name}],methods=[POST],consumes=[application/vnd.spring-boot.actuator.v2+json || application/json]}" onto public java.lang.Object org.springframework.boot.actuate.endpoint.web.servlet.AbstractWebMvcEndpointHandlerMapping$OperationHandler.handle(javax.servlet.http.HttpServletRequest,java.util.Map<java.lang.String, java.lang.String>)
2018-06-04 22:24:02.360  INFO 4475 --- [    Test worker] s.b.a.e.w.s.WebMvcEndpointHandlerMapping : Mapped "{[/actuator/heapdump],methods=[GET],produces=[application/octet-stream]}" onto public java.lang.Object org.springframework.boot.actuate.endpoint.web.servlet.AbstractWebMvcEndpointHandlerMapping$OperationHandler.handle(javax.servlet.http.HttpServletRequest,java.util.Map<java.lang.String, java.lang.String>)
2018-06-04 22:24:02.361  INFO 4475 --- [    Test worker] s.b.a.e.w.s.WebMvcEndpointHandlerMapping : Mapped "{[/actuator/threaddump],methods=[GET],produces=[application/vnd.spring-boot.actuator.v2+json || application/json]}" onto public java.lang.Object org.springframework.boot.actuate.endpoint.web.servlet.AbstractWebMvcEndpointHandlerMapping$OperationHandler.handle(javax.servlet.http.HttpServletRequest,java.util.Map<java.lang.String, java.lang.String>)
2018-06-04 22:24:02.361  INFO 4475 --- [    Test worker] s.b.a.e.w.s.WebMvcEndpointHandlerMapping : Mapped "{[/actuator/metrics/{requiredMetricName}],methods=[GET],produces=[application/vnd.spring-boot.actuator.v2+json || application/json]}" onto public java.lang.Object org.springframework.boot.actuate.endpoint.web.servlet.AbstractWebMvcEndpointHandlerMapping$OperationHandler.handle(javax.servlet.http.HttpServletRequest,java.util.Map<java.lang.String, java.lang.String>)
2018-06-04 22:24:02.361  INFO 4475 --- [    Test worker] s.b.a.e.w.s.WebMvcEndpointHandlerMapping : Mapped "{[/actuator/metrics],methods=[GET],produces=[application/vnd.spring-boot.actuator.v2+json || application/json]}" onto public java.lang.Object org.springframework.boot.actuate.endpoint.web.servlet.AbstractWebMvcEndpointHandlerMapping$OperationHandler.handle(javax.servlet.http.HttpServletRequest,java.util.Map<java.lang.String, java.lang.String>)
2018-06-04 22:24:02.362  INFO 4475 --- [    Test worker] s.b.a.e.w.s.WebMvcEndpointHandlerMapping : Mapped "{[/actuator/scheduledtasks],methods=[GET],produces=[application/vnd.spring-boot.actuator.v2+json || application/json]}" onto public java.lang.Object org.springframework.boot.actuate.endpoint.web.servlet.AbstractWebMvcEndpointHandlerMapping$OperationHandler.handle(javax.servlet.http.HttpServletRequest,java.util.Map<java.lang.String, java.lang.String>)
2018-06-04 22:24:02.362  INFO 4475 --- [    Test worker] s.b.a.e.w.s.WebMvcEndpointHandlerMapping : Mapped "{[/actuator/httptrace],methods=[GET],produces=[application/vnd.spring-boot.actuator.v2+json || application/json]}" onto public java.lang.Object org.springframework.boot.actuate.endpoint.web.servlet.AbstractWebMvcEndpointHandlerMapping$OperationHandler.handle(javax.servlet.http.HttpServletRequest,java.util.Map<java.lang.String, java.lang.String>)
2018-06-04 22:24:02.362  INFO 4475 --- [    Test worker] s.b.a.e.w.s.WebMvcEndpointHandlerMapping : Mapped "{[/actuator/mappings],methods=[GET],produces=[application/vnd.spring-boot.actuator.v2+json || application/json]}" onto public java.lang.Object org.springframework.boot.actuate.endpoint.web.servlet.AbstractWebMvcEndpointHandlerMapping$OperationHandler.handle(javax.servlet.http.HttpServletRequest,java.util.Map<java.lang.String, java.lang.String>)
2018-06-04 22:24:02.363  INFO 4475 --- [    Test worker] s.b.a.e.w.s.WebMvcEndpointHandlerMapping : Mapped "{[/actuator],methods=[GET],produces=[application/vnd.spring-boot.actuator.v2+json || application/json]}" onto protected java.util.Map<java.lang.String, java.util.Map<java.lang.String, org.springframework.boot.actuate.endpoint.web.Link>> org.springframework.boot.actuate.endpoint.web.servlet.WebMvcEndpointHandlerMapping.links(javax.servlet.http.HttpServletRequest,javax.servlet.http.HttpServletResponse)
2018-06-04 22:24:02.541  INFO 4475 --- [    Test worker] o.s.w.s.handler.SimpleUrlHandlerMapping  : Mapped URL path [/**/favicon.ico] onto handler of type [class org.springframework.web.servlet.resource.ResourceHttpRequestHandler]
2018-06-04 22:24:02.681  INFO 4475 --- [    Test worker] s.w.s.m.m.a.RequestMappingHandlerAdapter : Looking for @ControllerAdvice: org.springframework.boot.web.servlet.context.AnnotationConfigServletWebServerApplicationContext@5dd9706e: startup date [Mon Jun 04 22:23:59 CST 2018]; root of context hierarchy
2018-06-04 22:24:02.752  INFO 4475 --- [    Test worker] o.s.w.s.handler.SimpleUrlHandlerMapping  : Mapped URL path [/webjars/**] onto handler of type [class org.springframework.web.servlet.resource.ResourceHttpRequestHandler]
2018-06-04 22:24:02.753  INFO 4475 --- [    Test worker] o.s.w.s.handler.SimpleUrlHandlerMapping  : Mapped URL path [/**] onto handler of type [class org.springframework.web.servlet.resource.ResourceHttpRequestHandler]
2018-06-04 22:24:02.774  INFO 4475 --- [    Test worker] .m.m.a.ExceptionHandlerExceptionResolver : Detected @ExceptionHandler methods in exceptionAdvice
2018-06-04 22:24:02.945  INFO 4475 --- [    Test worker] o.s.s.c.ThreadPoolTaskScheduler          : Initializing ExecutorService 
2018-06-04 22:24:03.193  INFO 4475 --- [    Test worker] o.s.c.support.DefaultLifecycleProcessor  : Starting beans in phase 2147483647
2018-06-04 22:24:03.193  INFO 4475 --- [    Test worker] d.s.w.p.DocumentationPluginsBootstrapper : Context refreshed
2018-06-04 22:24:03.212  INFO 4475 --- [    Test worker] d.s.w.p.DocumentationPluginsBootstrapper : Found 1 custom documentation plugin(s)
2018-06-04 22:24:03.228  INFO 4475 --- [    Test worker] s.d.s.w.s.ApiListingReferenceScanner     : Scanning for api listing references
2018-06-04 22:24:03.366  INFO 4475 --- [cTaskExecutor-1] o.s.a.r.c.CachingConnectionFactory       : Attempting to connect to: [127.0.0.1:5672]
2018-06-04 22:24:03.430  INFO 4475 --- [cTaskExecutor-1] o.s.a.r.c.CachingConnectionFactory       : Created new connection: rabbitConnectionFactory#2b0e4283:0/SimpleConnection@1b2a7f6f [delegate=amqp://admin@127.0.0.1:5672/, localPort= 51715]
2018-06-04 22:24:03.523  INFO 4475 --- [    Test worker] o.s.b.w.embedded.tomcat.TomcatWebServer  : Tomcat started on port(s): 8080 (http) with context path '/api'
2018-06-04 22:24:03.529  INFO 4475 --- [    Test worker] c.f.s.s.r.helloworld.ReceiverTest        : Started ReceiverTest in 4.827 seconds (JVM running for 5.758)
2018-06-04 22:24:03.625  WARN 4475 --- [gistrationTask1] d.c.b.a.c.r.ApplicationRegistrator       : Failed to register application as Application(name=spring-boot-application, managementUrl=http://192.168.0.118:8080/api/actuator, healthUrl=http://192.168.0.118:8080/api/actuator/health, serviceUrl=http://192.168.0.118:8080/api, metadata={startup=2018-06-04T22:24:02.878+08:00}) at spring-boot-admin ([http://127.0.0.1:8081/instances]): I/O error on POST request for "http://127.0.0.1:8081/instances": Connection refused (Connection refused); nested exception is java.net.ConnectException: Connection refused (Connection refused). Further attempts are logged on DEBUG level
]]></system-out>
  <system-err><![CDATA[]]></system-err>
</testsuite>
